<?xml version="1.0" encoding="UTF-8" ?>
<testsuite tests="13" failures="2" name="com.Intive.Patronage.tests.TestRunner" time="1.22" errors="0" skipped="0">
  <properties>
[...]
</properties>
  <testcase classname="Scenario: First search in Google" name="Given User is on Google page" time="0.001"/>
  <testcase classname="Scenario: First search in Google" name="When I search Google with phrase &quot;Intive Szczecin&quot;" time="0"/>
  <testcase classname="Scenario: First search in Google" name="Then I can see results" time="0"/>
  <testcase classname="Scenario: First search in Google" name="Scenario: First search in Google" time="0.607"/>
  <testcase classname="Scenario: Second test - fails with screenshot" name="Given User is on Google page" time="0"/>
  <testcase classname="Scenario: Second test - fails with screenshot" name="When I search Google with phrase &quot;Intive Szczecin&quot;" time="0"/>
  <testcase classname="Scenario: Second test - fails with screenshot" name="Then I am on Intive main page" time="0.002">
    <failure message="User should be on Intive main page" type="java.lang.AssertionError">java.lang.AssertionError: User should be on Intive main page
	at org.hamcrest.MatcherAssert.assertThat(MatcherAssert.java:26)
	at com.Intive.Patronage.tests.steps.GoogleSteps.iAmOnIntiveMainPage(GoogleSteps.java:32)
	at ✽.Then I am on Intive main page(GoogleSearch.feature:11)
</failure>
  </testcase>
  <testcase classname="Scenario: Second test - fails with screenshot" name="Scenario: Second test - fails with screenshot" time="0.003">
    <failure message="User should be on Intive main page" type="java.lang.AssertionError">java.lang.AssertionError: User should be on Intive main page
	at org.hamcrest.MatcherAssert.assertThat(MatcherAssert.java:26)
	at com.Intive.Patronage.tests.steps.GoogleSteps.iAmOnIntiveMainPage(GoogleSteps.java:32)
	at ✽.Then I am on Intive main page(GoogleSearch.feature:11)
</failure>
  </testcase>
  <testcase classname="Scenario: Third test open Intive website" name="Given User is on Google page" time="0"/>
  <testcase classname="Scenario: Third test open Intive website" name="When I search Google with phrase &quot;Intive Szczecin&quot;" time="0"/>
  <testcase classname="Scenario: Third test open Intive website" name="And I open first link from search" time="0"/>
  <testcase classname="Scenario: Third test open Intive website" name="Then I am on Intive main page" time="0"/>
  <testcase classname="Scenario: Third test open Intive website" name="Scenario: Third test open Intive website" time="0.607"/>
</testsuite>